<?xml version="1.0" encoding="UTF-8"?>
<!-- Generated by org.testng.reporters.JUnitReportReporter -->
<testsuite hostname="DESKTOP-8QT4ON4" failures="0" tests="1" name="Scripts.Testcases2" time="24.460" errors="0" timestamp="2022-05-24T05:56:59 IST" skipped="0">
  <testcase classname="Scripts.Testcases2" name="TC2" time="24.460"/>
  <system-out/>
</testsuite> <!-- Scripts.Testcases2 -->
