<?xml version="1.0" encoding="UTF-8"?>
<!-- Generated by org.testng.reporters.JUnitReportReporter -->
<testsuite hostname="DESKTOP-8QT4ON4" failures="0" tests="1" name="Scripts.test3" time="0.013" errors="0" timestamp="2022-05-23T14:09:41 IST" skipped="0">
  <testcase classname="Scripts.test3" name="t4" time="0.013"/>
  <system-out>
    <![CDATA[testing ]]>
  </system-out>
</testsuite> <!-- Scripts.test3 -->
