<?xml version="1.0" encoding="UTF-8"?>
<!-- Generated by org.testng.reporters.JUnitReportReporter -->
<testsuite hostname="DESKTOP-8QT4ON4" failures="0" tests="1" name="Scripts.Testcases1" time="12.458" errors="0" timestamp="2022-05-23T05:56:04 IST" skipped="0">
  <testcase classname="Scripts.Testcases1" name="TS1" time="12.458"/>
  <system-out/>
</testsuite> <!-- Scripts.Testcases1 -->
